Problem:    parte
Rows:       9
Columns:    15 (15 integer, 15 binary)
Non-zeros:  45
Status:     INTEGER OPTIMAL
Objective:  OverallCost = 135 (MINimum)

   No.   Row name        Activity     Lower bound   Upper bound
------ ------------    ------------- ------------- -------------
     1 OverallCost              -245                             
     2 ConstraintFranjas[1]
                                   1                           1 
     3 ConstraintFranjas[2]
                                   1                           1 
     4 ConstraintFranjas[3]
                                   1                           1 
     5 ConstraintAutobuses[1]
                                   1                           1 
     6 ConstraintAutobuses[2]
                                   0                           1 
     7 ConstraintAutobuses[3]
                                   1                           1 
     8 ConstraintAutobuses[4]
                                   0                           1 
     9 ConstraintAutobuses[5]
                                   1                           1 

   No. Column name       Activity     Lower bound   Upper bound
------ ------------    ------------- ------------- -------------
     1 x[1,1]       *              0             0             1 
     2 x[1,2]       *              1             0             1 
     3 x[1,3]       *              0             0             1 
     4 x[2,1]       *              0             0             1 
     5 x[2,2]       *              0             0             1 
     6 x[2,3]       *              0             0             1 
     7 x[3,1]       *              1             0             1 
     8 x[3,2]       *              0             0             1 
     9 x[3,3]       *              0             0             1 
    10 x[4,1]       *              0             0             1 
    11 x[4,2]       *              0             0             1 
    12 x[4,3]       *              0             0             1 
    13 x[5,1]       *              0             0             1 
    14 x[5,2]       *              0             0             1 
    15 x[5,3]       *              1             0             1 

Integer feasibility conditions:

KKT.PE: max.abs.err = 0.00e+00 on row 0
        max.rel.err = 0.00e+00 on row 0
        High quality

KKT.PB: max.abs.err = 0.00e+00 on row 0
        max.rel.err = 0.00e+00 on row 0
        High quality

End of output
